[2024-04-18 13:47:03] local.ERROR: The provided cwd "/var/www/html/public" does not exist. {"exception":"[object] (Symfony\\Component\\Process\\Exception\\RuntimeException(code: 0): The provided cwd \"/var/www/html/public\" does not exist. at /var/www/html/vendor/symfony/process/Process.php:344)
[stacktrace]
#0 /var/www/html/vendor/laravel/framework/src/Illuminate/Foundation/Console/ServeCommand.php(122): Symfony\\Component\\Process\\Process->start()
#1 /var/www/html/vendor/laravel/framework/src/Illuminate/Foundation/Console/ServeCommand.php(80): Illuminate\\Foundation\\Console\\ServeCommand->startProcess()
#2 /var/www/html/vendor/laravel/framework/src/Illuminate/Container/BoundMethod.php(36): Illuminate\\Foundation\\Console\\ServeCommand->handle()
#3 /var/www/html/vendor/laravel/framework/src/Illuminate/Container/Util.php(41): Illuminate\\Container\\BoundMethod::Illuminate\\Container\\{closure}()
#4 /var/www/html/vendor/laravel/framework/src/Illuminate/Container/BoundMethod.php(93): Illuminate\\Container\\Util::unwrapIfClosure()
#5 /var/www/html/vendor/laravel/framework/src/Illuminate/Container/BoundMethod.php(35): Illuminate\\Container\\BoundMethod::callBoundMethod()
#6 /var/www/html/vendor/laravel/framework/src/Illuminate/Container/Container.php(653): Illuminate\\Container\\BoundMethod::call()
#7 /var/www/html/vendor/laravel/framework/src/Illuminate/Console/Command.php(136): Illuminate\\Container\\Container->call()
#8 /var/www/html/vendor/symfony/console/Command/Command.php(326): Illuminate\\Console\\Command->execute()
#9 /var/www/html/vendor/laravel/framework/src/Illuminate/Console/Command.php(120): Symfony\\Component\\Console\\Command\\Command->run()
#10 /var/www/html/vendor/symfony/console/Application.php(1078): Illuminate\\Console\\Command->run()
#11 /var/www/html/vendor/symfony/console/Application.php(324): Symfony\\Component\\Console\\Application->doRunCommand()
#12 /var/www/html/vendor/symfony/console/Application.php(175): Symfony\\Component\\Console\\Application->doRun()
#13 /var/www/html/vendor/laravel/framework/src/Illuminate/Console/Application.php(102): Symfony\\Component\\Console\\Application->run()
#14 /var/www/html/vendor/laravel/framework/src/Illuminate/Foundation/Console/Kernel.php(129): Illuminate\\Console\\Application->run()
#15 /var/www/html/artisan(35): Illuminate\\Foundation\\Console\\Kernel->handle()
#16 {main}
"} 
